000 (342.003.000) 05/09 17:16:50 Job submitted from host: <10.10.11.101:42302?addrs=10.10.11.101-42302>
...
022 (342.003.000) 05/09 17:17:02 Job disconnected, attempting to reconnect
    Socket between submit and execute hosts closed unexpectedly
    Trying to reconnect to slot4@paralab3.cetys.mx <10.10.11.105:33044?addrs=10.10.11.105-33044>
...
024 (342.003.000) 05/09 17:17:02 Job reconnection failed
    Job not found at execution machine
    Can not reconnect to slot4@paralab3.cetys.mx, rescheduling job
...
001 (342.003.000) 05/09 17:17:06 Job executing on host: <10.10.11.107:42335?addrs=10.10.11.107-42335>
...
006 (342.003.000) 05/09 17:17:06 Image size of job updated: 18040
	0  -  MemoryUsage of job (MB)
	0  -  ResidentSetSize of job (KB)
...
005 (342.003.000) 05/09 17:17:07 Job terminated.
	(1) Normal termination (return value 2)
		Usr 0 00:00:00, Sys 0 00:00:00  -  Run Remote Usage
		Usr 0 00:00:00, Sys 0 00:00:00  -  Run Local Usage
		Usr 0 00:00:00, Sys 0 00:00:00  -  Total Remote Usage
		Usr 0 00:00:00, Sys 0 00:00:00  -  Total Local Usage
	0  -  Run Bytes Sent By Job
	141  -  Run Bytes Received By Job
	0  -  Total Bytes Sent By Job
	141  -  Total Bytes Received By Job
	Partitionable Resources :    Usage  Request Allocated
	   Cpus                 :                 1         1
	   Disk (KB)            :        9        1 109263778
	   Memory (MB)          :        0        1       975
...
000 (352.003.000) 05/09 17:27:09 Job submitted from host: <10.10.11.101:42302?addrs=10.10.11.101-42302>
...
001 (352.003.000) 05/09 17:27:11 Job executing on host: <10.10.11.107:42335?addrs=10.10.11.107-42335>
...
006 (352.003.000) 05/09 17:27:11 Image size of job updated: 1
	0  -  MemoryUsage of job (MB)
	0  -  ResidentSetSize of job (KB)
...
005 (352.003.000) 05/09 17:27:12 Job terminated.
	(1) Normal termination (return value 2)
		Usr 0 00:00:00, Sys 0 00:00:00  -  Run Remote Usage
		Usr 0 00:00:00, Sys 0 00:00:00  -  Run Local Usage
		Usr 0 00:00:00, Sys 0 00:00:00  -  Total Remote Usage
		Usr 0 00:00:00, Sys 0 00:00:00  -  Total Local Usage
	0  -  Run Bytes Sent By Job
	141  -  Run Bytes Received By Job
	0  -  Total Bytes Sent By Job
	141  -  Total Bytes Received By Job
	Partitionable Resources :    Usage  Request Allocated
	   Cpus                 :                 1         1
	   Disk (KB)            :        9        1 109263660
	   Memory (MB)          :        0        1       975
...
000 (502.003.000) 05/10 16:22:59 Job submitted from host: <10.10.11.101:42302?addrs=10.10.11.101-42302>
    DAG Node: TextFilter
...
022 (502.003.000) 05/10 16:23:15 Job disconnected, attempting to reconnect
    Socket between submit and execute hosts closed unexpectedly
    Trying to reconnect to slot4@paralab3.cetys.mx <10.10.11.105:33044?addrs=10.10.11.105-33044>
...
024 (502.003.000) 05/10 16:23:15 Job reconnection failed
    Job not found at execution machine
    Can not reconnect to slot4@paralab3.cetys.mx, rescheduling job
...
001 (502.003.000) 05/10 16:23:18 Job executing on host: <10.10.11.107:42335?addrs=10.10.11.107-42335>
...
006 (502.003.000) 05/10 16:23:18 Image size of job updated: 1
	0  -  MemoryUsage of job (MB)
	0  -  ResidentSetSize of job (KB)
...
005 (502.003.000) 05/10 16:23:19 Job terminated.
	(1) Normal termination (return value 2)
		Usr 0 00:00:00, Sys 0 00:00:00  -  Run Remote Usage
		Usr 0 00:00:00, Sys 0 00:00:00  -  Run Local Usage
		Usr 0 00:00:00, Sys 0 00:00:00  -  Total Remote Usage
		Usr 0 00:00:00, Sys 0 00:00:00  -  Total Local Usage
	0  -  Run Bytes Sent By Job
	141  -  Run Bytes Received By Job
	0  -  Total Bytes Sent By Job
	141  -  Total Bytes Received By Job
	Partitionable Resources :    Usage  Request Allocated
	   Cpus                 :                 1         1
	   Disk (KB)            :       10        1 109263094
	   Memory (MB)          :        0        1       975
...
009 (502.003.000) 05/10 16:23:19 Job was aborted by the user.
	via condor_rm (by user juarez.hernandez)
...
000 (511.003.000) 05/10 16:30:16 Job submitted from host: <10.10.11.101:42302?addrs=10.10.11.101-42302>
    DAG Node: TextFilter
...
022 (511.003.000) 05/10 16:30:32 Job disconnected, attempting to reconnect
    Socket between submit and execute hosts closed unexpectedly
    Trying to reconnect to slot4@paralab3.cetys.mx <10.10.11.105:33044?addrs=10.10.11.105-33044>
...
024 (511.003.000) 05/10 16:30:32 Job reconnection failed
    Job not found at execution machine
    Can not reconnect to slot4@paralab3.cetys.mx, rescheduling job
...
001 (511.003.000) 05/10 16:30:35 Job executing on host: <10.10.11.107:42335?addrs=10.10.11.107-42335>
...
006 (511.003.000) 05/10 16:30:35 Image size of job updated: 1
	0  -  MemoryUsage of job (MB)
	0  -  ResidentSetSize of job (KB)
...
005 (511.003.000) 05/10 16:30:36 Job terminated.
	(1) Normal termination (return value 2)
		Usr 0 00:00:00, Sys 0 00:00:00  -  Run Remote Usage
		Usr 0 00:00:00, Sys 0 00:00:00  -  Run Local Usage
		Usr 0 00:00:00, Sys 0 00:00:00  -  Total Remote Usage
		Usr 0 00:00:00, Sys 0 00:00:00  -  Total Local Usage
	0  -  Run Bytes Sent By Job
	141  -  Run Bytes Received By Job
	0  -  Total Bytes Sent By Job
	141  -  Total Bytes Received By Job
	Partitionable Resources :    Usage  Request Allocated
	   Cpus                 :                 1         1
	   Disk (KB)            :       10        1 109263032
	   Memory (MB)          :        0        1       975
...
000 (515.003.000) 05/10 16:36:53 Job submitted from host: <10.10.11.101:42302?addrs=10.10.11.101-42302>
    DAG Node: TextFilter
...
022 (515.003.000) 05/10 16:37:12 Job disconnected, attempting to reconnect
    Socket between submit and execute hosts closed unexpectedly
    Trying to reconnect to slot4@paralab3.cetys.mx <10.10.11.105:33044?addrs=10.10.11.105-33044>
...
024 (515.003.000) 05/10 16:37:20 Job reconnection failed
    Job not found at execution machine
    Can not reconnect to slot4@paralab3.cetys.mx, rescheduling job
...
009 (515.003.000) 05/10 16:37:20 Job was aborted by the user.
	via condor_rm (by user juarez.hernandez)
...
000 (545.003.000) 05/10 16:53:10 Job submitted from host: <10.10.11.101:42302?addrs=10.10.11.101-42302>
    DAG Node: TextFilter
...
022 (545.003.000) 05/10 16:53:15 Job disconnected, attempting to reconnect
    Socket between submit and execute hosts closed unexpectedly
    Trying to reconnect to slot4@paralab3.cetys.mx <10.10.11.105:33044?addrs=10.10.11.105-33044>
...
024 (545.003.000) 05/10 16:53:15 Job reconnection failed
    Job not found at execution machine
    Can not reconnect to slot4@paralab3.cetys.mx, rescheduling job
...
001 (545.003.000) 05/10 16:53:18 Job executing on host: <10.10.11.107:42335?addrs=10.10.11.107-42335>
...
006 (545.003.000) 05/10 16:53:18 Image size of job updated: 1
	0  -  MemoryUsage of job (MB)
	0  -  ResidentSetSize of job (KB)
...
005 (545.003.000) 05/10 16:53:19 Job terminated.
	(1) Normal termination (return value 2)
		Usr 0 00:00:00, Sys 0 00:00:00  -  Run Remote Usage
		Usr 0 00:00:00, Sys 0 00:00:00  -  Run Local Usage
		Usr 0 00:00:00, Sys 0 00:00:00  -  Total Remote Usage
		Usr 0 00:00:00, Sys 0 00:00:00  -  Total Local Usage
	0  -  Run Bytes Sent By Job
	141  -  Run Bytes Received By Job
	0  -  Total Bytes Sent By Job
	141  -  Total Bytes Received By Job
	Partitionable Resources :    Usage  Request Allocated
	   Cpus                 :                 1         1
	   Disk (KB)            :       10        1 109262892
	   Memory (MB)          :        0        1       975
...
000 (570.003.000) 05/10 17:01:49 Job submitted from host: <10.10.11.101:42302?addrs=10.10.11.101-42302>
    DAG Node: TextFilter
...
022 (570.003.000) 05/10 17:02:05 Job disconnected, attempting to reconnect
    Socket between submit and execute hosts closed unexpectedly
    Trying to reconnect to slot4@paralab3.cetys.mx <10.10.11.105:33044?addrs=10.10.11.105-33044>
...
024 (570.003.000) 05/10 17:02:05 Job reconnection failed
    Job not found at execution machine
    Can not reconnect to slot4@paralab3.cetys.mx, rescheduling job
...
001 (570.003.000) 05/10 17:02:07 Job executing on host: <10.10.11.101:39324?addrs=10.10.11.101-39324>
...
006 (570.003.000) 05/10 17:02:09 Image size of job updated: 173904
	43  -  MemoryUsage of job (MB)
	43456  -  ResidentSetSize of job (KB)
...
004 (570.003.000) 05/10 17:02:09 Job was evicted.
	(0) Job was not checkpointed.
		Usr 0 00:00:01, Sys 0 00:00:00  -  Run Remote Usage
		Usr 0 00:00:00, Sys 0 00:00:00  -  Run Local Usage
	0  -  Run Bytes Sent By Job
	0  -  Run Bytes Received By Job
	Partitionable Resources :    Usage  Request Allocated
	   Cpus                 :                 1         1
	   Disk (KB)            :        1        1 106559087
	   Memory (MB)          :       43        1       975
...
009 (570.003.000) 05/10 17:02:09 Job was aborted by the user.
	via condor_rm (by user juarez.hernandez)
...
000 (601.003.000) 05/10 17:09:07 Job submitted from host: <10.10.11.101:42302?addrs=10.10.11.101-42302>
    DAG Node: TextFilter
...
001 (601.003.000) 05/10 17:09:13 Job executing on host: <10.10.11.101:39324?addrs=10.10.11.101-39324>
...
006 (601.003.000) 05/10 17:09:15 Image size of job updated: 174036
	0  -  MemoryUsage of job (MB)
	0  -  ResidentSetSize of job (KB)
...
005 (601.003.000) 05/10 17:09:15 Job terminated.
	(1) Normal termination (return value 0)
		Usr 0 00:00:01, Sys 0 00:00:00  -  Run Remote Usage
		Usr 0 00:00:00, Sys 0 00:00:00  -  Run Local Usage
		Usr 0 00:00:01, Sys 0 00:00:00  -  Total Remote Usage
		Usr 0 00:00:00, Sys 0 00:00:00  -  Total Local Usage
	0  -  Run Bytes Sent By Job
	0  -  Run Bytes Received By Job
	0  -  Total Bytes Sent By Job
	0  -  Total Bytes Received By Job
	Partitionable Resources :    Usage  Request Allocated
	   Cpus                 :                 1         1
	   Disk (KB)            :        1        1 106558155
	   Memory (MB)          :        0        1       975
...
000 (620.003.000) 05/10 17:12:15 Job submitted from host: <10.10.11.101:42302?addrs=10.10.11.101-42302>
    DAG Node: TextFilter
...
022 (620.003.000) 05/10 17:12:31 Job disconnected, attempting to reconnect
    Socket between submit and execute hosts closed unexpectedly
    Trying to reconnect to slot4@paralab3.cetys.mx <10.10.11.105:33044?addrs=10.10.11.105-33044>
...
024 (620.003.000) 05/10 17:12:31 Job reconnection failed
    Job not found at execution machine
    Can not reconnect to slot4@paralab3.cetys.mx, rescheduling job
...
001 (620.003.000) 05/10 17:12:34 Job executing on host: <10.10.11.103:9736?addrs=10.10.11.103-9736>
...
006 (620.003.000) 05/10 17:12:34 Image size of job updated: 1
	0  -  MemoryUsage of job (MB)
	0  -  ResidentSetSize of job (KB)
...
005 (620.003.000) 05/10 17:12:35 Job terminated.
	(1) Normal termination (return value 2)
		Usr 0 00:00:00, Sys 0 00:00:00  -  Run Remote Usage
		Usr 0 00:00:00, Sys 0 00:00:00  -  Run Local Usage
		Usr 0 00:00:00, Sys 0 00:00:00  -  Total Remote Usage
		Usr 0 00:00:00, Sys 0 00:00:00  -  Total Local Usage
	0  -  Run Bytes Sent By Job
	141  -  Run Bytes Received By Job
	0  -  Total Bytes Sent By Job
	141  -  Total Bytes Received By Job
	Partitionable Resources :    Usage  Request Allocated
	   Cpus                 :                 1         1
	   Disk (KB)            :       10        1 109756162
	   Memory (MB)          :        0        1       975
...
009 (620.003.000) 05/10 17:12:35 Job was aborted by the user.
	via condor_rm (by user juarez.hernandez)
...
000 (645.003.000) 05/10 17:20:02 Job submitted from host: <10.10.11.101:42302?addrs=10.10.11.101-42302>
    DAG Node: TextFilter
...
001 (645.003.000) 05/10 17:20:11 Job executing on host: <10.10.11.101:39324?addrs=10.10.11.101-39324>
...
006 (645.003.000) 05/10 17:20:13 Image size of job updated: 174300
	0  -  MemoryUsage of job (MB)
	0  -  ResidentSetSize of job (KB)
...
005 (645.003.000) 05/10 17:20:13 Job terminated.
	(1) Normal termination (return value 0)
		Usr 0 00:00:01, Sys 0 00:00:00  -  Run Remote Usage
		Usr 0 00:00:00, Sys 0 00:00:00  -  Run Local Usage
		Usr 0 00:00:01, Sys 0 00:00:00  -  Total Remote Usage
		Usr 0 00:00:00, Sys 0 00:00:00  -  Total Local Usage
	0  -  Run Bytes Sent By Job
	0  -  Run Bytes Received By Job
	0  -  Total Bytes Sent By Job
	0  -  Total Bytes Received By Job
	Partitionable Resources :    Usage  Request Allocated
	   Cpus                 :                 1         1
	   Disk (KB)            :        1        1 106557138
	   Memory (MB)          :        0        1       975
...
000 (648.003.000) 05/10 17:20:32 Job submitted from host: <10.10.11.101:42302?addrs=10.10.11.101-42302>
    DAG Node: Plot_Generator
...
001 (648.003.000) 05/10 17:20:35 Job executing on host: <10.10.11.101:39324?addrs=10.10.11.101-39324>
...
006 (648.003.000) 05/10 17:20:38 Image size of job updated: 276360
	0  -  MemoryUsage of job (MB)
	0  -  ResidentSetSize of job (KB)
...
005 (648.003.000) 05/10 17:20:38 Job terminated.
	(1) Normal termination (return value 0)
		Usr 0 00:00:00, Sys 0 00:00:00  -  Run Remote Usage
		Usr 0 00:00:00, Sys 0 00:00:00  -  Run Local Usage
		Usr 0 00:00:00, Sys 0 00:00:00  -  Total Remote Usage
		Usr 0 00:00:00, Sys 0 00:00:00  -  Total Local Usage
	0  -  Run Bytes Sent By Job
	0  -  Run Bytes Received By Job
	0  -  Total Bytes Sent By Job
	0  -  Total Bytes Received By Job
	Partitionable Resources :    Usage  Request Allocated
	   Cpus                 :                 1         1
	   Disk (KB)            :        1        1 106557138
	   Memory (MB)          :        0        1       975
...
000 (700.003.000) 05/10 17:28:28 Job submitted from host: <10.10.11.101:42302?addrs=10.10.11.101-42302>
    DAG Node: TextFilter
...
001 (700.003.000) 05/10 17:28:37 Job executing on host: <10.10.11.101:39324?addrs=10.10.11.101-39324>
...
006 (700.003.000) 05/10 17:28:39 Image size of job updated: 174028
	0  -  MemoryUsage of job (MB)
	0  -  ResidentSetSize of job (KB)
...
005 (700.003.000) 05/10 17:28:39 Job terminated.
	(1) Normal termination (return value 0)
		Usr 0 00:00:01, Sys 0 00:00:00  -  Run Remote Usage
		Usr 0 00:00:00, Sys 0 00:00:00  -  Run Local Usage
		Usr 0 00:00:01, Sys 0 00:00:00  -  Total Remote Usage
		Usr 0 00:00:00, Sys 0 00:00:00  -  Total Local Usage
	0  -  Run Bytes Sent By Job
	0  -  Run Bytes Received By Job
	0  -  Total Bytes Sent By Job
	0  -  Total Bytes Received By Job
	Partitionable Resources :    Usage  Request Allocated
	   Cpus                 :                 1         1
	   Disk (KB)            :        1        1 106554264
	   Memory (MB)          :        0        1       975
...
000 (703.003.000) 05/10 17:29:03 Job submitted from host: <10.10.11.101:42302?addrs=10.10.11.101-42302>
    DAG Node: Plot_Generator
...
001 (703.003.000) 05/10 17:29:06 Job executing on host: <10.10.11.101:39324?addrs=10.10.11.101-39324>
...
006 (703.003.000) 05/10 17:29:09 Image size of job updated: 279704
	0  -  MemoryUsage of job (MB)
	0  -  ResidentSetSize of job (KB)
...
005 (703.003.000) 05/10 17:29:09 Job terminated.
	(1) Normal termination (return value 0)
		Usr 0 00:00:01, Sys 0 00:00:00  -  Run Remote Usage
		Usr 0 00:00:00, Sys 0 00:00:00  -  Run Local Usage
		Usr 0 00:00:01, Sys 0 00:00:00  -  Total Remote Usage
		Usr 0 00:00:00, Sys 0 00:00:00  -  Total Local Usage
	0  -  Run Bytes Sent By Job
	0  -  Run Bytes Received By Job
	0  -  Total Bytes Sent By Job
	0  -  Total Bytes Received By Job
	Partitionable Resources :    Usage  Request Allocated
	   Cpus                 :                 1         1
	   Disk (KB)            :        1        1 106554264
	   Memory (MB)          :        0        1       975
...
