000 (342.008.000) 05/09 17:16:50 Job submitted from host: <10.10.11.101:42302?addrs=10.10.11.101-42302>
...
001 (342.008.000) 05/09 17:17:02 Job executing on host: <10.10.11.101:39324?addrs=10.10.11.101-39324>
...
006 (342.008.000) 05/09 17:17:05 Image size of job updated: 174868
	0  -  MemoryUsage of job (MB)
	0  -  ResidentSetSize of job (KB)
...
005 (342.008.000) 05/09 17:17:05 Job terminated.
	(1) Normal termination (return value 0)
		Usr 0 00:00:02, Sys 0 00:00:00  -  Run Remote Usage
		Usr 0 00:00:00, Sys 0 00:00:00  -  Run Local Usage
		Usr 0 00:00:02, Sys 0 00:00:00  -  Total Remote Usage
		Usr 0 00:00:00, Sys 0 00:00:00  -  Total Local Usage
	0  -  Run Bytes Sent By Job
	0  -  Run Bytes Received By Job
	0  -  Total Bytes Sent By Job
	0  -  Total Bytes Received By Job
	Partitionable Resources :    Usage  Request Allocated
	   Cpus                 :                 1         1
	   Disk (KB)            :        1        1 106646717
	   Memory (MB)          :        0        1       975
...
000 (347.000.000) 05/09 17:19:37 Job submitted from host: <10.10.11.101:42302?addrs=10.10.11.101-42302>
...
022 (347.000.000) 05/09 17:19:44 Job disconnected, attempting to reconnect
    Socket between submit and execute hosts closed unexpectedly
    Trying to reconnect to slot1@paralab3.cetys.mx <10.10.11.105:33044?addrs=10.10.11.105-33044>
...
024 (347.000.000) 05/09 17:19:44 Job reconnection failed
    Job not found at execution machine
    Can not reconnect to slot1@paralab3.cetys.mx, rescheduling job
...
001 (347.000.000) 05/09 17:20:42 Job executing on host: <10.10.11.107:42335?addrs=10.10.11.107-42335>
...
006 (347.000.000) 05/09 17:20:42 Image size of job updated: 33164
	0  -  MemoryUsage of job (MB)
	0  -  ResidentSetSize of job (KB)
...
005 (347.000.000) 05/09 17:20:43 Job terminated.
	(1) Normal termination (return value 2)
		Usr 0 00:00:00, Sys 0 00:00:00  -  Run Remote Usage
		Usr 0 00:00:00, Sys 0 00:00:00  -  Run Local Usage
		Usr 0 00:00:00, Sys 0 00:00:00  -  Total Remote Usage
		Usr 0 00:00:00, Sys 0 00:00:00  -  Total Local Usage
	0  -  Run Bytes Sent By Job
	119  -  Run Bytes Received By Job
	0  -  Total Bytes Sent By Job
	119  -  Total Bytes Received By Job
	Partitionable Resources :    Usage  Request Allocated
	   Cpus                 :                 1         1
	   Disk (KB)            :        9        1 109263697
	   Memory (MB)          :        0        1       975
...
000 (351.000.000) 05/09 17:25:18 Job submitted from host: <10.10.11.101:42302?addrs=10.10.11.101-42302>
...
022 (351.000.000) 05/09 17:25:25 Job disconnected, attempting to reconnect
    Socket between submit and execute hosts closed unexpectedly
    Trying to reconnect to slot1@paralab3.cetys.mx <10.10.11.105:33044?addrs=10.10.11.105-33044>
...
024 (351.000.000) 05/09 17:25:33 Job reconnection failed
    Job not found at execution machine
    Can not reconnect to slot1@paralab3.cetys.mx, rescheduling job
...
000 (352.008.000) 05/09 17:27:09 Job submitted from host: <10.10.11.101:42302?addrs=10.10.11.101-42302>
...
022 (351.000.000) 05/09 17:27:10 Job disconnected, attempting to reconnect
    Socket between submit and execute hosts closed unexpectedly
    Trying to reconnect to slot1@paralab3.cetys.mx <10.10.11.105:33044?addrs=10.10.11.105-33044>
...
001 (352.008.000) 05/09 17:27:10 Job executing on host: <10.10.11.101:39324?addrs=10.10.11.101-39324>
...
006 (352.008.000) 05/09 17:27:13 Image size of job updated: 174872
	0  -  MemoryUsage of job (MB)
	0  -  ResidentSetSize of job (KB)
...
005 (352.008.000) 05/09 17:27:13 Job terminated.
	(1) Normal termination (return value 0)
		Usr 0 00:00:02, Sys 0 00:00:00  -  Run Remote Usage
		Usr 0 00:00:00, Sys 0 00:00:00  -  Run Local Usage
		Usr 0 00:00:02, Sys 0 00:00:00  -  Total Remote Usage
		Usr 0 00:00:00, Sys 0 00:00:00  -  Total Local Usage
	0  -  Run Bytes Sent By Job
	0  -  Run Bytes Received By Job
	0  -  Total Bytes Sent By Job
	0  -  Total Bytes Received By Job
	Partitionable Resources :    Usage  Request Allocated
	   Cpus                 :                 1         1
	   Disk (KB)            :        1        1 106644472
	   Memory (MB)          :        0        1       975
...
024 (351.000.000) 05/09 17:27:18 Job reconnection failed
    Job not found at execution machine
    Can not reconnect to slot1@paralab3.cetys.mx, rescheduling job
...
001 (351.000.000) 05/09 17:28:29 Job executing on host: <10.10.11.101:39324?addrs=10.10.11.101-39324>
...
006 (351.000.000) 05/09 17:28:32 Image size of job updated: 281940
	0  -  MemoryUsage of job (MB)
	0  -  ResidentSetSize of job (KB)
...
005 (351.000.000) 05/09 17:28:32 Job terminated.
	(1) Normal termination (return value 0)
		Usr 0 00:00:02, Sys 0 00:00:00  -  Run Remote Usage
		Usr 0 00:00:00, Sys 0 00:00:00  -  Run Local Usage
		Usr 0 00:00:02, Sys 0 00:00:00  -  Total Remote Usage
		Usr 0 00:00:00, Sys 0 00:00:00  -  Total Local Usage
	0  -  Run Bytes Sent By Job
	0  -  Run Bytes Received By Job
	0  -  Total Bytes Sent By Job
	0  -  Total Bytes Received By Job
	Partitionable Resources :    Usage  Request Allocated
	   Cpus                 :                 1         1
	   Disk (KB)            :        1        1 106644338
	   Memory (MB)          :        0        1       975
...
000 (502.008.000) 05/10 16:22:59 Job submitted from host: <10.10.11.101:42302?addrs=10.10.11.101-42302>
    DAG Node: TextFilter
...
001 (502.008.000) 05/10 16:23:15 Job executing on host: <10.10.11.101:39324?addrs=10.10.11.101-39324>
...
006 (502.008.000) 05/10 16:23:18 Image size of job updated: 174608
	0  -  MemoryUsage of job (MB)
	0  -  ResidentSetSize of job (KB)
...
005 (502.008.000) 05/10 16:23:18 Job terminated.
	(1) Normal termination (return value 0)
		Usr 0 00:00:01, Sys 0 00:00:00  -  Run Remote Usage
		Usr 0 00:00:00, Sys 0 00:00:00  -  Run Local Usage
		Usr 0 00:00:01, Sys 0 00:00:00  -  Total Remote Usage
		Usr 0 00:00:00, Sys 0 00:00:00  -  Total Local Usage
	0  -  Run Bytes Sent By Job
	0  -  Run Bytes Received By Job
	0  -  Total Bytes Sent By Job
	0  -  Total Bytes Received By Job
	Partitionable Resources :    Usage  Request Allocated
	   Cpus                 :                 1         1
	   Disk (KB)            :        1        1 106570559
	   Memory (MB)          :        0        1       975
...
000 (511.008.000) 05/10 16:30:16 Job submitted from host: <10.10.11.101:42302?addrs=10.10.11.101-42302>
    DAG Node: TextFilter
...
001 (511.008.000) 05/10 16:30:32 Job executing on host: <10.10.11.101:39324?addrs=10.10.11.101-39324>
...
006 (511.008.000) 05/10 16:30:35 Image size of job updated: 174872
	0  -  MemoryUsage of job (MB)
	0  -  ResidentSetSize of job (KB)
...
005 (511.008.000) 05/10 16:30:35 Job terminated.
	(1) Normal termination (return value 0)
		Usr 0 00:00:02, Sys 0 00:00:00  -  Run Remote Usage
		Usr 0 00:00:00, Sys 0 00:00:00  -  Run Local Usage
		Usr 0 00:00:02, Sys 0 00:00:00  -  Total Remote Usage
		Usr 0 00:00:00, Sys 0 00:00:00  -  Total Local Usage
	0  -  Run Bytes Sent By Job
	0  -  Run Bytes Received By Job
	0  -  Total Bytes Sent By Job
	0  -  Total Bytes Received By Job
	Partitionable Resources :    Usage  Request Allocated
	   Cpus                 :                 1         1
	   Disk (KB)            :        1        1 106569821
	   Memory (MB)          :        0        1       975
...
000 (515.008.000) 05/10 16:36:53 Job submitted from host: <10.10.11.101:42302?addrs=10.10.11.101-42302>
    DAG Node: TextFilter
...
001 (515.008.000) 05/10 16:37:13 Job executing on host: <10.10.11.103:9736?addrs=10.10.11.103-9736>
...
006 (515.008.000) 05/10 16:37:13 Image size of job updated: 100876
	0  -  MemoryUsage of job (MB)
	0  -  ResidentSetSize of job (KB)
...
005 (515.008.000) 05/10 16:37:13 Job terminated.
	(1) Normal termination (return value 2)
		Usr 0 00:00:00, Sys 0 00:00:00  -  Run Remote Usage
		Usr 0 00:00:00, Sys 0 00:00:00  -  Run Local Usage
		Usr 0 00:00:00, Sys 0 00:00:00  -  Total Remote Usage
		Usr 0 00:00:00, Sys 0 00:00:00  -  Total Local Usage
	0  -  Run Bytes Sent By Job
	141  -  Run Bytes Received By Job
	0  -  Total Bytes Sent By Job
	141  -  Total Bytes Received By Job
	Partitionable Resources :    Usage  Request Allocated
	   Cpus                 :                 1         1
	   Disk (KB)            :        9        1 109756317
	   Memory (MB)          :        0        1       975
...
000 (545.008.000) 05/10 16:53:10 Job submitted from host: <10.10.11.101:42302?addrs=10.10.11.101-42302>
    DAG Node: TextFilter
...
001 (545.008.000) 05/10 16:53:19 Job executing on host: <10.10.11.107:42335?addrs=10.10.11.107-42335>
...
006 (545.008.000) 05/10 16:53:19 Image size of job updated: 18040
	0  -  MemoryUsage of job (MB)
	0  -  ResidentSetSize of job (KB)
...
005 (545.008.000) 05/10 16:53:20 Job terminated.
	(1) Normal termination (return value 2)
		Usr 0 00:00:00, Sys 0 00:00:00  -  Run Remote Usage
		Usr 0 00:00:00, Sys 0 00:00:00  -  Run Local Usage
		Usr 0 00:00:00, Sys 0 00:00:00  -  Total Remote Usage
		Usr 0 00:00:00, Sys 0 00:00:00  -  Total Local Usage
	0  -  Run Bytes Sent By Job
	141  -  Run Bytes Received By Job
	0  -  Total Bytes Sent By Job
	141  -  Total Bytes Received By Job
	Partitionable Resources :    Usage  Request Allocated
	   Cpus                 :                 1         1
	   Disk (KB)            :       10        1 109262892
	   Memory (MB)          :        0        1       975
...
009 (545.008.000) 05/10 16:53:20 Job was aborted by the user.
	via condor_rm (by user juarez.hernandez)
...
000 (570.008.000) 05/10 17:01:49 Job submitted from host: <10.10.11.101:42302?addrs=10.10.11.101-42302>
    DAG Node: TextFilter
...
001 (570.008.000) 05/10 17:02:05 Job executing on host: <10.10.11.101:39324?addrs=10.10.11.101-39324>
...
006 (570.008.000) 05/10 17:02:08 Image size of job updated: 174872
	0  -  MemoryUsage of job (MB)
	0  -  ResidentSetSize of job (KB)
...
005 (570.008.000) 05/10 17:02:08 Job terminated.
	(1) Normal termination (return value 0)
		Usr 0 00:00:02, Sys 0 00:00:00  -  Run Remote Usage
		Usr 0 00:00:00, Sys 0 00:00:00  -  Run Local Usage
		Usr 0 00:00:02, Sys 0 00:00:00  -  Total Remote Usage
		Usr 0 00:00:00, Sys 0 00:00:00  -  Total Local Usage
	0  -  Run Bytes Sent By Job
	0  -  Run Bytes Received By Job
	0  -  Total Bytes Sent By Job
	0  -  Total Bytes Received By Job
	Partitionable Resources :    Usage  Request Allocated
	   Cpus                 :                 1         1
	   Disk (KB)            :        1        1 106559087
	   Memory (MB)          :        0        1       975
...
000 (601.008.000) 05/10 17:09:07 Job submitted from host: <10.10.11.101:42302?addrs=10.10.11.101-42302>
    DAG Node: TextFilter
...
001 (601.008.000) 05/10 17:09:15 Job executing on host: <10.10.11.101:39324?addrs=10.10.11.101-39324>
...
006 (601.008.000) 05/10 17:09:17 Image size of job updated: 174604
	0  -  MemoryUsage of job (MB)
	0  -  ResidentSetSize of job (KB)
...
004 (601.008.000) 05/10 17:09:17 Job was evicted.
	(0) Job was not checkpointed.
		Usr 0 00:00:01, Sys 0 00:00:00  -  Run Remote Usage
		Usr 0 00:00:00, Sys 0 00:00:00  -  Run Local Usage
	0  -  Run Bytes Sent By Job
	0  -  Run Bytes Received By Job
	Partitionable Resources :    Usage  Request Allocated
	   Cpus                 :                 1         1
	   Disk (KB)            :        1        1 106558155
	   Memory (MB)          :        0        1       975
...
009 (601.008.000) 05/10 17:09:17 Job was aborted by the user.
	via condor_rm (by user juarez.hernandez)
...
000 (620.008.000) 05/10 17:12:15 Job submitted from host: <10.10.11.101:42302?addrs=10.10.11.101-42302>
    DAG Node: TextFilter
...
001 (620.008.000) 05/10 17:12:32 Job executing on host: <10.10.11.103:9736?addrs=10.10.11.103-9736>
...
006 (620.008.000) 05/10 17:12:32 Image size of job updated: 1
	0  -  MemoryUsage of job (MB)
	0  -  ResidentSetSize of job (KB)
...
005 (620.008.000) 05/10 17:12:33 Job terminated.
	(1) Normal termination (return value 2)
		Usr 0 00:00:00, Sys 0 00:00:00  -  Run Remote Usage
		Usr 0 00:00:00, Sys 0 00:00:00  -  Run Local Usage
		Usr 0 00:00:00, Sys 0 00:00:00  -  Total Remote Usage
		Usr 0 00:00:00, Sys 0 00:00:00  -  Total Local Usage
	0  -  Run Bytes Sent By Job
	141  -  Run Bytes Received By Job
	0  -  Total Bytes Sent By Job
	141  -  Total Bytes Received By Job
	Partitionable Resources :    Usage  Request Allocated
	   Cpus                 :                 1         1
	   Disk (KB)            :        9        1 109756162
	   Memory (MB)          :        0        1       975
...
000 (645.008.000) 05/10 17:20:02 Job submitted from host: <10.10.11.101:42302?addrs=10.10.11.101-42302>
    DAG Node: TextFilter
...
001 (645.008.000) 05/10 17:20:23 Job executing on host: <10.10.11.101:39324?addrs=10.10.11.101-39324>
...
006 (645.008.000) 05/10 17:20:26 Image size of job updated: 174876
	0  -  MemoryUsage of job (MB)
	0  -  ResidentSetSize of job (KB)
...
005 (645.008.000) 05/10 17:20:26 Job terminated.
	(1) Normal termination (return value 0)
		Usr 0 00:00:02, Sys 0 00:00:00  -  Run Remote Usage
		Usr 0 00:00:00, Sys 0 00:00:00  -  Run Local Usage
		Usr 0 00:00:02, Sys 0 00:00:00  -  Total Remote Usage
		Usr 0 00:00:00, Sys 0 00:00:00  -  Total Local Usage
	0  -  Run Bytes Sent By Job
	0  -  Run Bytes Received By Job
	0  -  Total Bytes Sent By Job
	0  -  Total Bytes Received By Job
	Partitionable Resources :    Usage  Request Allocated
	   Cpus                 :                 1         1
	   Disk (KB)            :        1        1 106557122
	   Memory (MB)          :        0        1       975
...
000 (648.008.000) 05/10 17:20:32 Job submitted from host: <10.10.11.101:42302?addrs=10.10.11.101-42302>
    DAG Node: Plot_Generator
...
001 (648.008.000) 05/10 17:20:44 Job executing on host: <10.10.11.101:39324?addrs=10.10.11.101-39324>
...
006 (648.008.000) 05/10 17:20:47 Image size of job updated: 281436
	0  -  MemoryUsage of job (MB)
	0  -  ResidentSetSize of job (KB)
...
005 (648.008.000) 05/10 17:20:47 Job terminated.
	(1) Normal termination (return value 0)
		Usr 0 00:00:01, Sys 0 00:00:00  -  Run Remote Usage
		Usr 0 00:00:00, Sys 0 00:00:00  -  Run Local Usage
		Usr 0 00:00:01, Sys 0 00:00:00  -  Total Remote Usage
		Usr 0 00:00:00, Sys 0 00:00:00  -  Total Local Usage
	0  -  Run Bytes Sent By Job
	0  -  Run Bytes Received By Job
	0  -  Total Bytes Sent By Job
	0  -  Total Bytes Received By Job
	Partitionable Resources :    Usage  Request Allocated
	   Cpus                 :                 1         1
	   Disk (KB)            :        1        1 106557138
	   Memory (MB)          :        0        1       975
...
000 (700.008.000) 05/10 17:28:28 Job submitted from host: <10.10.11.101:42302?addrs=10.10.11.101-42302>
    DAG Node: TextFilter
...
001 (700.008.000) 05/10 17:28:48 Job executing on host: <10.10.11.101:39324?addrs=10.10.11.101-39324>
...
006 (700.008.000) 05/10 17:28:51 Image size of job updated: 171584
	0  -  MemoryUsage of job (MB)
	0  -  ResidentSetSize of job (KB)
...
005 (700.008.000) 05/10 17:28:51 Job terminated.
	(1) Normal termination (return value 0)
		Usr 0 00:00:00, Sys 0 00:00:00  -  Run Remote Usage
		Usr 0 00:00:00, Sys 0 00:00:00  -  Run Local Usage
		Usr 0 00:00:00, Sys 0 00:00:00  -  Total Remote Usage
		Usr 0 00:00:00, Sys 0 00:00:00  -  Total Local Usage
	0  -  Run Bytes Sent By Job
	0  -  Run Bytes Received By Job
	0  -  Total Bytes Sent By Job
	0  -  Total Bytes Received By Job
	Partitionable Resources :    Usage  Request Allocated
	   Cpus                 :                 1         1
	   Disk (KB)            :        1        1 106554264
	   Memory (MB)          :        0        1       975
...
000 (703.008.000) 05/10 17:29:03 Job submitted from host: <10.10.11.101:42302?addrs=10.10.11.101-42302>
    DAG Node: Plot_Generator
...
001 (703.008.000) 05/10 17:29:16 Job executing on host: <10.10.11.101:39324?addrs=10.10.11.101-39324>
...
006 (703.008.000) 05/10 17:29:19 Image size of job updated: 281852
	0  -  MemoryUsage of job (MB)
	0  -  ResidentSetSize of job (KB)
...
005 (703.008.000) 05/10 17:29:19 Job terminated.
	(1) Normal termination (return value 0)
		Usr 0 00:00:02, Sys 0 00:00:00  -  Run Remote Usage
		Usr 0 00:00:00, Sys 0 00:00:00  -  Run Local Usage
		Usr 0 00:00:02, Sys 0 00:00:00  -  Total Remote Usage
		Usr 0 00:00:00, Sys 0 00:00:00  -  Total Local Usage
	0  -  Run Bytes Sent By Job
	0  -  Run Bytes Received By Job
	0  -  Total Bytes Sent By Job
	0  -  Total Bytes Received By Job
	Partitionable Resources :    Usage  Request Allocated
	   Cpus                 :                 1         1
	   Disk (KB)            :        1        1 106554264
	   Memory (MB)          :        0        1       975
...
