000 (342.009.000) 05/09 17:16:50 Job submitted from host: <10.10.11.101:42302?addrs=10.10.11.101-42302>
...
001 (342.009.000) 05/09 17:17:03 Job executing on host: <10.10.11.103:9736?addrs=10.10.11.103-9736>
...
006 (342.009.000) 05/09 17:17:03 Image size of job updated: 1
	0  -  MemoryUsage of job (MB)
	0  -  ResidentSetSize of job (KB)
...
005 (342.009.000) 05/09 17:17:04 Job terminated.
	(1) Normal termination (return value 2)
		Usr 0 00:00:00, Sys 0 00:00:00  -  Run Remote Usage
		Usr 0 00:00:00, Sys 0 00:00:00  -  Run Local Usage
		Usr 0 00:00:00, Sys 0 00:00:00  -  Total Remote Usage
		Usr 0 00:00:00, Sys 0 00:00:00  -  Total Local Usage
	0  -  Run Bytes Sent By Job
	141  -  Run Bytes Received By Job
	0  -  Total Bytes Sent By Job
	141  -  Total Bytes Received By Job
	Partitionable Resources :    Usage  Request Allocated
	   Cpus                 :                 1         1
	   Disk (KB)            :        9        1 109783486
	   Memory (MB)          :        0        1       975
...
000 (352.009.000) 05/09 17:27:09 Job submitted from host: <10.10.11.101:42302?addrs=10.10.11.101-42302>
...
001 (352.009.000) 05/09 17:27:10 Job executing on host: <10.10.11.101:39324?addrs=10.10.11.101-39324>
...
006 (352.009.000) 05/09 17:27:12 Image size of job updated: 173412
	0  -  MemoryUsage of job (MB)
	0  -  ResidentSetSize of job (KB)
...
005 (352.009.000) 05/09 17:27:12 Job terminated.
	(1) Normal termination (return value 0)
		Usr 0 00:00:01, Sys 0 00:00:00  -  Run Remote Usage
		Usr 0 00:00:00, Sys 0 00:00:00  -  Run Local Usage
		Usr 0 00:00:01, Sys 0 00:00:00  -  Total Remote Usage
		Usr 0 00:00:00, Sys 0 00:00:00  -  Total Local Usage
	0  -  Run Bytes Sent By Job
	0  -  Run Bytes Received By Job
	0  -  Total Bytes Sent By Job
	0  -  Total Bytes Received By Job
	Partitionable Resources :    Usage  Request Allocated
	   Cpus                 :                 1         1
	   Disk (KB)            :        1        1 106644472
	   Memory (MB)          :        0        1       975
...
000 (502.009.000) 05/10 16:22:59 Job submitted from host: <10.10.11.101:42302?addrs=10.10.11.101-42302>
    DAG Node: TextFilter
...
001 (502.009.000) 05/10 16:23:16 Job executing on host: <10.10.11.103:9736?addrs=10.10.11.103-9736>
...
006 (502.009.000) 05/10 16:23:16 Image size of job updated: 1
	0  -  MemoryUsage of job (MB)
	0  -  ResidentSetSize of job (KB)
...
005 (502.009.000) 05/10 16:23:17 Job terminated.
	(1) Normal termination (return value 2)
		Usr 0 00:00:00, Sys 0 00:00:00  -  Run Remote Usage
		Usr 0 00:00:00, Sys 0 00:00:00  -  Run Local Usage
		Usr 0 00:00:00, Sys 0 00:00:00  -  Total Remote Usage
		Usr 0 00:00:00, Sys 0 00:00:00  -  Total Local Usage
	0  -  Run Bytes Sent By Job
	141  -  Run Bytes Received By Job
	0  -  Total Bytes Sent By Job
	141  -  Total Bytes Received By Job
	Partitionable Resources :    Usage  Request Allocated
	   Cpus                 :                 1         1
	   Disk (KB)            :        9        1 109756349
	   Memory (MB)          :        0        1       975
...
000 (511.009.000) 05/10 16:30:16 Job submitted from host: <10.10.11.101:42302?addrs=10.10.11.101-42302>
    DAG Node: TextFilter
...
001 (511.009.000) 05/10 16:30:32 Job executing on host: <10.10.11.101:39324?addrs=10.10.11.101-39324>
...
006 (511.009.000) 05/10 16:30:34 Image size of job updated: 1
	0  -  MemoryUsage of job (MB)
	0  -  ResidentSetSize of job (KB)
...
005 (511.009.000) 05/10 16:30:34 Job terminated.
	(1) Normal termination (return value 0)
		Usr 0 00:00:00, Sys 0 00:00:00  -  Run Remote Usage
		Usr 0 00:00:00, Sys 0 00:00:00  -  Run Local Usage
		Usr 0 00:00:00, Sys 0 00:00:00  -  Total Remote Usage
		Usr 0 00:00:00, Sys 0 00:00:00  -  Total Local Usage
	0  -  Run Bytes Sent By Job
	0  -  Run Bytes Received By Job
	0  -  Total Bytes Sent By Job
	0  -  Total Bytes Received By Job
	Partitionable Resources :    Usage  Request Allocated
	   Cpus                 :                 1         1
	   Disk (KB)            :        1        1 106569821
	   Memory (MB)          :        0        1       975
...
000 (515.009.000) 05/10 16:36:53 Job submitted from host: <10.10.11.101:42302?addrs=10.10.11.101-42302>
    DAG Node: TextFilter
...
001 (515.009.000) 05/10 16:37:13 Job executing on host: <10.10.11.103:9736?addrs=10.10.11.103-9736>
...
006 (515.009.000) 05/10 16:37:13 Image size of job updated: 36140
	0  -  MemoryUsage of job (MB)
	0  -  ResidentSetSize of job (KB)
...
005 (515.009.000) 05/10 16:37:13 Job terminated.
	(1) Normal termination (return value 2)
		Usr 0 00:00:00, Sys 0 00:00:00  -  Run Remote Usage
		Usr 0 00:00:00, Sys 0 00:00:00  -  Run Local Usage
		Usr 0 00:00:00, Sys 0 00:00:00  -  Total Remote Usage
		Usr 0 00:00:00, Sys 0 00:00:00  -  Total Local Usage
	0  -  Run Bytes Sent By Job
	141  -  Run Bytes Received By Job
	0  -  Total Bytes Sent By Job
	141  -  Total Bytes Received By Job
	Partitionable Resources :    Usage  Request Allocated
	   Cpus                 :                 1         1
	   Disk (KB)            :        9        1 109756317
	   Memory (MB)          :        0        1       975
...
009 (515.009.000) 05/10 16:37:13 Job was aborted by the user.
	via condor_rm (by user juarez.hernandez)
...
000 (545.009.000) 05/10 16:53:10 Job submitted from host: <10.10.11.101:42302?addrs=10.10.11.101-42302>
    DAG Node: TextFilter
...
001 (545.009.000) 05/10 16:53:18 Job executing on host: <10.10.11.107:42335?addrs=10.10.11.107-42335>
...
006 (545.009.000) 05/10 16:53:18 Image size of job updated: 1
	0  -  MemoryUsage of job (MB)
	0  -  ResidentSetSize of job (KB)
...
005 (545.009.000) 05/10 16:53:19 Job terminated.
	(1) Normal termination (return value 2)
		Usr 0 00:00:00, Sys 0 00:00:00  -  Run Remote Usage
		Usr 0 00:00:00, Sys 0 00:00:00  -  Run Local Usage
		Usr 0 00:00:00, Sys 0 00:00:00  -  Total Remote Usage
		Usr 0 00:00:00, Sys 0 00:00:00  -  Total Local Usage
	0  -  Run Bytes Sent By Job
	141  -  Run Bytes Received By Job
	0  -  Total Bytes Sent By Job
	141  -  Total Bytes Received By Job
	Partitionable Resources :    Usage  Request Allocated
	   Cpus                 :                 1         1
	   Disk (KB)            :       10        1 109262892
	   Memory (MB)          :        0        1       975
...
000 (570.009.000) 05/10 17:01:49 Job submitted from host: <10.10.11.101:42302?addrs=10.10.11.101-42302>
    DAG Node: TextFilter
...
001 (570.009.000) 05/10 17:02:05 Job executing on host: <10.10.11.101:39324?addrs=10.10.11.101-39324>
...
006 (570.009.000) 05/10 17:02:07 Image size of job updated: 1
	0  -  MemoryUsage of job (MB)
	0  -  ResidentSetSize of job (KB)
...
005 (570.009.000) 05/10 17:02:07 Job terminated.
	(1) Normal termination (return value 0)
		Usr 0 00:00:00, Sys 0 00:00:00  -  Run Remote Usage
		Usr 0 00:00:00, Sys 0 00:00:00  -  Run Local Usage
		Usr 0 00:00:00, Sys 0 00:00:00  -  Total Remote Usage
		Usr 0 00:00:00, Sys 0 00:00:00  -  Total Local Usage
	0  -  Run Bytes Sent By Job
	0  -  Run Bytes Received By Job
	0  -  Total Bytes Sent By Job
	0  -  Total Bytes Received By Job
	Partitionable Resources :    Usage  Request Allocated
	   Cpus                 :                 1         1
	   Disk (KB)            :        1        1 106559087
	   Memory (MB)          :        0        1       975
...
000 (601.009.000) 05/10 17:09:07 Job submitted from host: <10.10.11.101:42302?addrs=10.10.11.101-42302>
    DAG Node: TextFilter
...
009 (601.009.000) 05/10 17:09:17 Job was aborted by the user.
	via condor_rm (by user juarez.hernandez)
...
000 (620.009.000) 05/10 17:12:15 Job submitted from host: <10.10.11.101:42302?addrs=10.10.11.101-42302>
    DAG Node: TextFilter
...
001 (620.009.000) 05/10 17:12:32 Job executing on host: <10.10.11.103:9736?addrs=10.10.11.103-9736>
...
006 (620.009.000) 05/10 17:12:32 Image size of job updated: 1
	0  -  MemoryUsage of job (MB)
	0  -  ResidentSetSize of job (KB)
...
005 (620.009.000) 05/10 17:12:33 Job terminated.
	(1) Normal termination (return value 2)
		Usr 0 00:00:00, Sys 0 00:00:00  -  Run Remote Usage
		Usr 0 00:00:00, Sys 0 00:00:00  -  Run Local Usage
		Usr 0 00:00:00, Sys 0 00:00:00  -  Total Remote Usage
		Usr 0 00:00:00, Sys 0 00:00:00  -  Total Local Usage
	0  -  Run Bytes Sent By Job
	141  -  Run Bytes Received By Job
	0  -  Total Bytes Sent By Job
	141  -  Total Bytes Received By Job
	Partitionable Resources :    Usage  Request Allocated
	   Cpus                 :                 1         1
	   Disk (KB)            :        9        1 109756162
	   Memory (MB)          :        0        1       975
...
000 (645.009.000) 05/10 17:20:02 Job submitted from host: <10.10.11.101:42302?addrs=10.10.11.101-42302>
    DAG Node: TextFilter
...
001 (645.009.000) 05/10 17:20:24 Job executing on host: <10.10.11.101:39324?addrs=10.10.11.101-39324>
...
006 (645.009.000) 05/10 17:20:26 Image size of job updated: 174804
	0  -  MemoryUsage of job (MB)
	0  -  ResidentSetSize of job (KB)
...
005 (645.009.000) 05/10 17:20:26 Job terminated.
	(1) Normal termination (return value 0)
		Usr 0 00:00:01, Sys 0 00:00:00  -  Run Remote Usage
		Usr 0 00:00:00, Sys 0 00:00:00  -  Run Local Usage
		Usr 0 00:00:01, Sys 0 00:00:00  -  Total Remote Usage
		Usr 0 00:00:00, Sys 0 00:00:00  -  Total Local Usage
	0  -  Run Bytes Sent By Job
	0  -  Run Bytes Received By Job
	0  -  Total Bytes Sent By Job
	0  -  Total Bytes Received By Job
	Partitionable Resources :    Usage  Request Allocated
	   Cpus                 :                 1         1
	   Disk (KB)            :        1        1 106557138
	   Memory (MB)          :        0        1       975
...
000 (648.009.000) 05/10 17:20:32 Job submitted from host: <10.10.11.101:42302?addrs=10.10.11.101-42302>
    DAG Node: Plot_Generator
...
001 (648.009.000) 05/10 17:20:47 Job executing on host: <10.10.11.101:39324?addrs=10.10.11.101-39324>
...
006 (648.009.000) 05/10 17:20:49 Image size of job updated: 275364
	0  -  MemoryUsage of job (MB)
	0  -  ResidentSetSize of job (KB)
...
005 (648.009.000) 05/10 17:20:49 Job terminated.
	(1) Normal termination (return value 0)
		Usr 0 00:00:00, Sys 0 00:00:00  -  Run Remote Usage
		Usr 0 00:00:00, Sys 0 00:00:00  -  Run Local Usage
		Usr 0 00:00:00, Sys 0 00:00:00  -  Total Remote Usage
		Usr 0 00:00:00, Sys 0 00:00:00  -  Total Local Usage
	0  -  Run Bytes Sent By Job
	0  -  Run Bytes Received By Job
	0  -  Total Bytes Sent By Job
	0  -  Total Bytes Received By Job
	Partitionable Resources :    Usage  Request Allocated
	   Cpus                 :                 1         1
	   Disk (KB)            :        1        1 106557138
	   Memory (MB)          :        0        1       975
...
000 (700.009.000) 05/10 17:28:28 Job submitted from host: <10.10.11.101:42302?addrs=10.10.11.101-42302>
    DAG Node: TextFilter
...
001 (700.009.000) 05/10 17:28:52 Job executing on host: <10.10.11.101:39324?addrs=10.10.11.101-39324>
...
006 (700.009.000) 05/10 17:28:54 Image size of job updated: 173680
	0  -  MemoryUsage of job (MB)
	0  -  ResidentSetSize of job (KB)
...
005 (700.009.000) 05/10 17:28:54 Job terminated.
	(1) Normal termination (return value 0)
		Usr 0 00:00:01, Sys 0 00:00:00  -  Run Remote Usage
		Usr 0 00:00:00, Sys 0 00:00:00  -  Run Local Usage
		Usr 0 00:00:01, Sys 0 00:00:00  -  Total Remote Usage
		Usr 0 00:00:00, Sys 0 00:00:00  -  Total Local Usage
	0  -  Run Bytes Sent By Job
	0  -  Run Bytes Received By Job
	0  -  Total Bytes Sent By Job
	0  -  Total Bytes Received By Job
	Partitionable Resources :    Usage  Request Allocated
	   Cpus                 :                 1         1
	   Disk (KB)            :        1        1 106554264
	   Memory (MB)          :        0        1       975
...
000 (703.009.000) 05/10 17:29:03 Job submitted from host: <10.10.11.101:42302?addrs=10.10.11.101-42302>
    DAG Node: Plot_Generator
...
001 (703.009.000) 05/10 17:29:19 Job executing on host: <10.10.11.101:39324?addrs=10.10.11.101-39324>
...
006 (703.009.000) 05/10 17:29:21 Image size of job updated: 279136
	0  -  MemoryUsage of job (MB)
	0  -  ResidentSetSize of job (KB)
...
005 (703.009.000) 05/10 17:29:21 Job terminated.
	(1) Normal termination (return value 0)
		Usr 0 00:00:01, Sys 0 00:00:00  -  Run Remote Usage
		Usr 0 00:00:00, Sys 0 00:00:00  -  Run Local Usage
		Usr 0 00:00:01, Sys 0 00:00:00  -  Total Remote Usage
		Usr 0 00:00:00, Sys 0 00:00:00  -  Total Local Usage
	0  -  Run Bytes Sent By Job
	0  -  Run Bytes Received By Job
	0  -  Total Bytes Sent By Job
	0  -  Total Bytes Received By Job
	Partitionable Resources :    Usage  Request Allocated
	   Cpus                 :                 1         1
	   Disk (KB)            :        1        1 106554264
	   Memory (MB)          :        0        1       975
...
